app/build/intermediates/manifest_merge_blame_file/debug/manifest-merger-blame-debug-report.txt
1<?xml version="1.0" encoding="utf-8"?>
2<manifest xmlns:android="http://schemas.android.com/apk/res/android"
3    package="es.upm.miw.peticionhttpasync"
4    android:versionCode="1"
5    android:versionName="1.0" >
6
7    <uses-sdk
8        android:minSdkVersion="15"
8-->src/main/AndroidManifest.xml
9        android:targetSdkVersion="28" />
9-->src/main/AndroidManifest.xml
10
11    <uses-permission android:name="android.permission.INTERNET" />
11-->src/main/AndroidManifest.xml:6:5-67
11-->src/main/AndroidManifest.xml:6:22-64
12
13    <meta-data
13-->[com.android.support:appcompat-v7:25.3.1] AndroidManifest.xml:25:5-27:34
14        android:name="android.support.VERSION"
14-->[com.android.support:appcompat-v7:25.3.1] AndroidManifest.xml:26:9-47
15        android:value="25.3.1" />
15-->[com.android.support:appcompat-v7:25.3.1] AndroidManifest.xml:27:9-31
16
17    <application
17-->src/main/AndroidManifest.xml:8:5-23:19
18        android:allowBackup="true"
18-->src/main/AndroidManifest.xml:13:9-35
19        android:debuggable="true"
20        android:icon="@mipmap/ic_miw_launcher"
20-->src/main/AndroidManifest.xml:9:9-47
21        android:label="@string/app_name"
21-->src/main/AndroidManifest.xml:11:9-41
22        android:roundIcon="@mipmap/ic_miw_launcher_rounded"
22-->src/main/AndroidManifest.xml:10:9-60
23        android:supportsRtl="true"
23-->src/main/AndroidManifest.xml:12:9-35
24        android:testOnly="true"
25        android:theme="@style/AppTheme"
25-->src/main/AndroidManifest.xml:15:9-40
26        android:usesCleartextTraffic="true" >
26-->src/main/AndroidManifest.xml:14:9-44
27        <activity android:name="es.upm.miw.peticionhttpasync.MainActivity" >
27-->src/main/AndroidManifest.xml:17:9-22:20
27-->src/main/AndroidManifest.xml:17:19-75
28            <intent-filter>
28-->src/main/AndroidManifest.xml:18:13-21:29
29                <action android:name="android.intent.action.MAIN" />
29-->src/main/AndroidManifest.xml:19:17-69
29-->src/main/AndroidManifest.xml:19:25-66
30
31                <category android:name="android.intent.category.LAUNCHER" />
31-->src/main/AndroidManifest.xml:20:17-77
31-->src/main/AndroidManifest.xml:20:27-74
32            </intent-filter>
33        </activity>
34    </application>
35
36</manifest>